2026-01-23 13:52:02,154 [INFO] Starting incremental soil sensor ingestion...
2026-01-23 13:52:03,447 [WARNING] API fetch failed (attempt 1/3): 400 Client Error: Bad Request for url: https://data.melbourne.vic.gov.au/api/explore/v2.1/catalog/datasets/soil-sensor-readings-historical-data/records?limit=100&where=Local_Time%3E%272026-01-02+08%3A15%3A00%2B11%3A00%27
2026-01-23 13:52:05,619 [WARNING] API fetch failed (attempt 2/3): 400 Client Error: Bad Request for url: https://data.melbourne.vic.gov.au/api/explore/v2.1/catalog/datasets/soil-sensor-readings-historical-data/records?limit=100&where=Local_Time%3E%272026-01-02+08%3A15%3A00%2B11%3A00%27
2026-01-23 13:52:07,755 [WARNING] API fetch failed (attempt 3/3): 400 Client Error: Bad Request for url: https://data.melbourne.vic.gov.au/api/explore/v2.1/catalog/datasets/soil-sensor-readings-historical-data/records?limit=100&where=Local_Time%3E%272026-01-02+08%3A15%3A00%2B11%3A00%27
2026-01-23 13:52:09,782 [ERROR] API fetch failed after max retries
2026-01-23 13:52:09,783 [INFO] No new rows fetched from API.
2026-01-23 13:59:40,181 [INFO] Starting incremental soil sensor ingestion...
2026-01-23 13:59:41,333 [WARNING] API fetch failed (attempt 1/3): 400 Client Error: Bad Request for url: https://data.melbourne.vic.gov.au/api/explore/v2.1/catalog/datasets/soil-sensor-readings-historical-data/records?limit=100&where=Local_Time%3E%272026-01-02+08%3A15%3A00%2B11%3A00%27
2026-01-23 13:59:43,483 [WARNING] API fetch failed (attempt 2/3): 400 Client Error: Bad Request for url: https://data.melbourne.vic.gov.au/api/explore/v2.1/catalog/datasets/soil-sensor-readings-historical-data/records?limit=100&where=Local_Time%3E%272026-01-02+08%3A15%3A00%2B11%3A00%27
2026-01-23 13:59:45,627 [WARNING] API fetch failed (attempt 3/3): 400 Client Error: Bad Request for url: https://data.melbourne.vic.gov.au/api/explore/v2.1/catalog/datasets/soil-sensor-readings-historical-data/records?limit=100&where=Local_Time%3E%272026-01-02+08%3A15%3A00%2B11%3A00%27
2026-01-23 13:59:47,628 [ERROR] API fetch failed after max retries
2026-01-23 13:59:47,629 [INFO] No new rows fetched from API.
2026-01-23 14:00:11,843 [INFO] Starting incremental soil sensor ingestion...
2026-01-23 14:00:12,773 [WARNING] API fetch failed (attempt 1/3): 400 Client Error: Bad Request for url: https://data.melbourne.vic.gov.au/api/explore/v2.1/catalog/datasets/soil-sensor-readings-historical-data/records?limit=100&where=Local_Time%3E%272026-01-02+08%3A15%3A00%2B11%3A00%27
2026-01-23 14:00:14,931 [WARNING] API fetch failed (attempt 2/3): 400 Client Error: Bad Request for url: https://data.melbourne.vic.gov.au/api/explore/v2.1/catalog/datasets/soil-sensor-readings-historical-data/records?limit=100&where=Local_Time%3E%272026-01-02+08%3A15%3A00%2B11%3A00%27
2026-01-23 14:00:17,089 [WARNING] API fetch failed (attempt 3/3): 400 Client Error: Bad Request for url: https://data.melbourne.vic.gov.au/api/explore/v2.1/catalog/datasets/soil-sensor-readings-historical-data/records?limit=100&where=Local_Time%3E%272026-01-02+08%3A15%3A00%2B11%3A00%27
2026-01-23 14:00:19,091 [ERROR] API fetch failed after max retries
2026-01-23 14:00:19,092 [INFO] No new rows fetched from API.
2026-01-23 16:59:08,818 [INFO] Starting incremental soil sensor ingestion...
2026-01-23 16:59:20,654 [WARNING] API fetch failed (attempt 1/3): 400 Client Error: Bad Request for url: https://data.melbourne.vic.gov.au/api/explore/v2.1/catalog/datasets/soil-sensor-readings-historical-data/records?limit=100&where=Local_Time%3E%272026-01-02+08%3A15%3A00%2B11%3A00%27
2026-01-23 16:59:22,785 [WARNING] API fetch failed (attempt 2/3): 400 Client Error: Bad Request for url: https://data.melbourne.vic.gov.au/api/explore/v2.1/catalog/datasets/soil-sensor-readings-historical-data/records?limit=100&where=Local_Time%3E%272026-01-02+08%3A15%3A00%2B11%3A00%27
2026-01-23 16:59:24,906 [WARNING] API fetch failed (attempt 3/3): 400 Client Error: Bad Request for url: https://data.melbourne.vic.gov.au/api/explore/v2.1/catalog/datasets/soil-sensor-readings-historical-data/records?limit=100&where=Local_Time%3E%272026-01-02+08%3A15%3A00%2B11%3A00%27
2026-01-23 16:59:26,907 [ERROR] API fetch failed after max retries
2026-01-23 16:59:26,908 [INFO] No new rows fetched from API.
2026-01-23 17:03:43,987 [INFO] Starting incremental soil sensor ingestion...
2026-01-23 17:03:44,641 [WARNING] API fetch failed (attempt 1/3): 400 Client Error: Bad Request for url: https://data.melbourne.vic.gov.au/api/explore/v2.1/catalog/datasets/soil-sensor-readings-historical-data/records?limit=100&where=local_time%3E%272026-01-02%252008%253A15%253A00%252B11%253A00%27
2026-01-23 17:03:46,768 [WARNING] API fetch failed (attempt 2/3): 400 Client Error: Bad Request for url: https://data.melbourne.vic.gov.au/api/explore/v2.1/catalog/datasets/soil-sensor-readings-historical-data/records?limit=100&where=local_time%3E%272026-01-02%252008%253A15%253A00%252B11%253A00%27
2026-01-23 17:03:48,888 [WARNING] API fetch failed (attempt 3/3): 400 Client Error: Bad Request for url: https://data.melbourne.vic.gov.au/api/explore/v2.1/catalog/datasets/soil-sensor-readings-historical-data/records?limit=100&where=local_time%3E%272026-01-02%252008%253A15%253A00%252B11%253A00%27
2026-01-23 17:03:50,888 [ERROR] API fetch failed after max retries
2026-01-23 17:03:50,889 [INFO] No new rows fetched from API.
C:\Users\eliza\smart_farming_analytics>C:/Users/eliza/AppData/Local/Programs/Python/Python313/python.exe c:/Users/eliza/smart_farming_analytics/etl/soil_reading_incremental_ingest.py
Starting incremental soil sensor ingestion...
No new rows fetched from API.
2026-01-24 12:55:12,045 [INFO] Inserted 0 new rows.
2026-01-24 12:56:56,302 [INFO] Inserted 0 new rows.
